<?xml version="1.0" encoding="UTF-8"?>
<testng-results total="2" passed="2" failed="0" skipped="0">
  <reporter-output>
  </reporter-output>
  <suite started-at="2024-08-27T16:24:29Z" name="Surefire suite" finished-at="2024-08-27T16:24:29Z" duration-ms="29">
    <groups>
    </groups>
    <test started-at="2024-08-27T16:24:29Z" name="Surefire test" finished-at="2024-08-27T16:24:29Z" duration-ms="29">
      <class name="test.com.itexps.ReclangleTest">
        <test-method is-config="true" signature="setUpClass()[pri:0, instance:test.com.itexps.ReclangleTest@701fc37a]" started-at="2024-08-27T11:24:29Z" name="setUpClass" finished-at="2024-08-27T11:24:29Z" duration-ms="8" status="PASS">
          <reporter-output>
          </reporter-output>
        </test-method> <!-- setUpClass -->
        <test-method is-config="true" signature="setUpMethod()[pri:0, instance:test.com.itexps.ReclangleTest@701fc37a]" started-at="2024-08-27T11:24:29Z" name="setUpMethod" finished-at="2024-08-27T11:24:29Z" duration-ms="5" status="PASS">
          <reporter-output>
          </reporter-output>
        </test-method> <!-- setUpMethod -->
        <test-method signature="testArea()[pri:0, instance:test.com.itexps.ReclangleTest@701fc37a]" started-at="2024-08-27T11:24:29Z" name="testArea" finished-at="2024-08-27T11:24:29Z" duration-ms="6" status="PASS">
          <reporter-output>
          </reporter-output>
        </test-method> <!-- testArea -->
        <test-method is-config="true" signature="tearDownMethod()[pri:0, instance:test.com.itexps.ReclangleTest@701fc37a]" started-at="2024-08-27T11:24:29Z" name="tearDownMethod" finished-at="2024-08-27T11:24:29Z" duration-ms="1" status="PASS">
          <reporter-output>
          </reporter-output>
        </test-method> <!-- tearDownMethod -->
        <test-method is-config="true" signature="setUpMethod()[pri:0, instance:test.com.itexps.ReclangleTest@701fc37a]" started-at="2024-08-27T11:24:29Z" name="setUpMethod" finished-at="2024-08-27T11:24:29Z" duration-ms="0" status="PASS">
          <reporter-output>
          </reporter-output>
        </test-method> <!-- setUpMethod -->
        <test-method signature="testPerimeter()[pri:0, instance:test.com.itexps.ReclangleTest@701fc37a]" started-at="2024-08-27T11:24:29Z" name="testPerimeter" finished-at="2024-08-27T11:24:29Z" duration-ms="1" status="PASS">
          <reporter-output>
          </reporter-output>
        </test-method> <!-- testPerimeter -->
        <test-method is-config="true" signature="tearDownMethod()[pri:0, instance:test.com.itexps.ReclangleTest@701fc37a]" started-at="2024-08-27T11:24:29Z" name="tearDownMethod" finished-at="2024-08-27T11:24:29Z" duration-ms="0" status="PASS">
          <reporter-output>
          </reporter-output>
        </test-method> <!-- tearDownMethod -->
        <test-method is-config="true" signature="tearDownClass()[pri:0, instance:test.com.itexps.ReclangleTest@701fc37a]" started-at="2024-08-27T11:24:29Z" name="tearDownClass" finished-at="2024-08-27T11:24:29Z" duration-ms="1" status="PASS">
          <reporter-output>
          </reporter-output>
        </test-method> <!-- tearDownClass -->
      </class> <!-- test.com.itexps.ReclangleTest -->
    </test> <!-- Surefire test -->
  </suite> <!-- Surefire suite -->
</testng-results>
